<?xml version="1.0" encoding="UTF-8"?>
<testng-results skipped="0" failed="1" total="1" passed="0">
  <reporter-output>
  </reporter-output>
  <suite name="empAndSpouseInfoComp" duration-ms="10587" started-at="2014-05-23T14:58:10Z" finished-at="2014-05-23T14:58:21Z">
    <groups>
    </groups>
    <test name="empAndSpouseInfoComp" duration-ms="10587" started-at="2014-05-23T14:58:10Z" finished-at="2014-05-23T14:58:21Z">
      <class name="com.jiff.homepage.test.EmployeeAndSpouseInfoComparisionTest">
        <test-method status="PASS" signature="login()[pri:0, instance:com.jiff.homepage.test.EmployeeAndSpouseInfoComparisionTest@3d100e15]" name="login" is-config="true" duration-ms="9310" started-at="2014-05-23T07:58:10Z" finished-at="2014-05-23T07:58:19Z">
          <reporter-output>
          </reporter-output>
        </test-method> <!-- login -->
        <test-method status="FAIL" signature="employeeAndSpouswInfoComparisionTest()[pri:0, instance:com.jiff.homepage.test.EmployeeAndSpouseInfoComparisionTest@3d100e15]" name="employeeAndSpouswInfoComparisionTest" duration-ms="225" started-at="2014-05-23T07:58:19Z" finished-at="2014-05-23T07:58:20Z">
          <exception class="java.lang.ArrayIndexOutOfBoundsException">
            <message>
              <![CDATA[1]]>
            </message>
            <full-stacktrace>
              <![CDATA[java.lang.ArrayIndexOutOfBoundsException: 1
	at com.jiff.incentives.HomePage.actualSteps(HomePage.java:525)
	at com.jiff.incentives.HomePage.getEmployeeInfo(HomePage.java:475)
	at com.jiff.homepage.test.EmployeeAndSpouseInfoComparisionTest.employeeAndSpouseInfoComparision(EmployeeAndSpouseInfoComparisionTest.java:39)
	at com.jiff.homepage.test.EmployeeAndSpouseInfoComparisionTest.employeeAndSpouswInfoComparisionTest(EmployeeAndSpouseInfoComparisionTest.java:31)
	at sun.reflect.NativeMethodAccessorImpl.invoke0(Native Method)
	at sun.reflect.NativeMethodAccessorImpl.invoke(Unknown Source)
	at sun.reflect.DelegatingMethodAccessorImpl.invoke(Unknown Source)
	at java.lang.reflect.Method.invoke(Unknown Source)
	at org.testng.internal.MethodInvocationHelper.invokeMethod(MethodInvocationHelper.java:84)
	at org.testng.internal.Invoker.invokeMethod(Invoker.java:714)
	at org.testng.internal.Invoker.invokeTestMethod(Invoker.java:901)
	at org.testng.internal.Invoker.invokeTestMethods(Invoker.java:1231)
	at org.testng.internal.TestMethodWorker.invokeTestMethods(TestMethodWorker.java:127)
	at org.testng.internal.TestMethodWorker.run(TestMethodWorker.java:111)
	at org.testng.TestRunner.privateRun(TestRunner.java:767)
	at org.testng.TestRunner.run(TestRunner.java:617)
	at org.testng.SuiteRunner.runTest(SuiteRunner.java:334)
	at org.testng.SuiteRunner.runSequentially(SuiteRunner.java:329)
	at org.testng.SuiteRunner.privateRun(SuiteRunner.java:291)
	at org.testng.SuiteRunner.run(SuiteRunner.java:240)
	at org.testng.SuiteRunnerWorker.runSuite(SuiteRunnerWorker.java:52)
	at org.testng.SuiteRunnerWorker.run(SuiteRunnerWorker.java:86)
	at org.testng.TestNG.runSuitesSequentially(TestNG.java:1224)
	at org.testng.TestNG.runSuitesLocally(TestNG.java:1149)
	at org.testng.TestNG.run(TestNG.java:1057)
	at org.testng.remote.RemoteTestNG.run(RemoteTestNG.java:111)
	at org.testng.remote.RemoteTestNG.initAndRun(RemoteTestNG.java:204)
	at org.testng.remote.RemoteTestNG.main(RemoteTestNG.java:175)
]]>
            </full-stacktrace>
          </exception> <!-- java.lang.ArrayIndexOutOfBoundsException -->
          <reporter-output>
          </reporter-output>
        </test-method> <!-- employeeAndSpouswInfoComparisionTest -->
        <test-method status="PASS" signature="logout()[pri:0, instance:com.jiff.homepage.test.EmployeeAndSpouseInfoComparisionTest@3d100e15]" name="logout" is-config="true" duration-ms="1029" started-at="2014-05-23T07:58:20Z" finished-at="2014-05-23T07:58:21Z">
          <reporter-output>
          </reporter-output>
        </test-method> <!-- logout -->
      </class> <!-- com.jiff.homepage.test.EmployeeAndSpouseInfoComparisionTest -->
    </test> <!-- empAndSpouseInfoComp -->
  </suite> <!-- empAndSpouseInfoComp -->
</testng-results>
